Base path: D:/SoftwareInstall/unity537/Unity/Editor/Data
Cmd: getPlatforms
Cmd: preprocess
  insize=219 outsize=219 ok=1
Cmd: preprocess
  insize=2324 outsize=849 ok=1
Cmd: preprocess
  insize=1578 outsize=492 ok=1
Cmd: preprocess
  insize=2893 outsize=889 ok=1
Cmd: preprocess
  insize=2337 outsize=478 ok=1
Cmd: preprocess
  insize=1993 outsize=887 ok=1
Cmd: preprocess
  insize=1971 outsize=478 ok=1
Cmd: preprocess
  insize=480 outsize=480 ok=1
Cmd: preprocess
  insize=2457 outsize=535 ok=1
Cmd: preprocess
  insize=2090 outsize=533 ok=1
Cmd: preprocess
  insize=1411 outsize=609 ok=1
Cmd: preprocess
  insize=1459 outsize=830 ok=1
Cmd: preprocess
  insize=1510 outsize=624 ok=1
Cmd: preprocess
  insize=2691 outsize=849 ok=1
Cmd: preprocess
  insize=1640 outsize=877 ok=1
Cmd: preprocess
  insize=1567 outsize=533 ok=1
Cmd: preprocess
  insize=1435 outsize=478 ok=1
Cmd: preprocess
  insize=3042 outsize=2109 ok=1
Cmd: preprocess
  insize=2526 outsize=886 ok=1
Cmd: preprocess
  insize=1791 outsize=849 ok=1
Cmd: preprocess
  insize=2481 outsize=494 ok=1
Cmd: preprocess
  insize=435 outsize=435 ok=1
Cmd: preprocess
  insize=1472 outsize=506 ok=1
Cmd: preprocess
  insize=1656 outsize=934 ok=1
Cmd: preprocess
  insize=5950 outsize=3828 ok=1
Cmd: preprocess
  insize=1471 outsize=884 ok=1
Cmd: preprocess
  insize=2361 outsize=2709 ok=1
Cmd: preprocess
  insize=1294 outsize=490 ok=1
Cmd: preprocess
  insize=1239 outsize=483 ok=1
Cmd: preprocess
  insize=2114 outsize=490 ok=1
Cmd: preprocess
  insize=1668 outsize=929 ok=1
Cmd: compileSnippet
  api=4 type=0 insize=1705 outsize=629 kw=SOFTPARTICLES_OFF pd=UNITY_NO_SCREENSPACE_SHADOWS UNITY_ENABLE_REFLECTION_BUFFERS UNITY_PBS_USE_BRDF1 UNITY_SPECCUBE_BOX_PROJECTION UNITY_SPECCUBE_BLENDING ok=1
Cmd: compileSnippet
  api=4 type=1 insize=1705 outsize=449 kw=SOFTPARTICLES_OFF pd=UNITY_NO_SCREENSPACE_SHADOWS UNITY_ENABLE_REFLECTION_BUFFERS UNITY_PBS_USE_BRDF1 UNITY_SPECCUBE_BOX_PROJECTION UNITY_SPECCUBE_BLENDING ok=1
